###############################################################
QDMA Test on All PFs Starts
###############################################################
***********************************************
AXI-MM for Func 03000 Start
Zero Qs
dma-ctl: Info: Default ring size set to 2048
Zero QsZero Qsunable to open device /dev/qdma03000-MM-0, -1.
open device: No such file or directory
unable to open device /dev/qdma03000-MM-0, -1.
open device: No such file or directory
Zero QsZero QsZero Qs
dma-ctl: Info: Default ring size set to 2048
Zero QsZero Qsunable to open device /dev/qdma03000-MM-1, -1.
open device: No such file or directory
unable to open device /dev/qdma03000-MM-1, -1.
open device: No such file or directory
Zero QsZero QsZero Qs
dma-ctl: Info: Default ring size set to 2048
Zero QsZero Qsunable to open device /dev/qdma03000-MM-2, -1.
open device: No such file or directory
unable to open device /dev/qdma03000-MM-2, -1.
open device: No such file or directory
Zero QsZero QsZero Qs
dma-ctl: Info: Default ring size set to 2048
Zero QsZero Qsunable to open device /dev/qdma03000-MM-3, -1.
open device: No such file or directory
unable to open device /dev/qdma03000-MM-3, -1.
open device: No such file or directory
Zero QsZero QsAXI-MM for Func 03000 End
***********************************************
***********************************************
AXI-ST H2C for Func 03000 Start
Zero Qs
dma-ctl: Info: Default ring size set to 2048
Zero Qsdma-ctl: next_arg_read_int missing parameter after "0x1".

unable to open device /dev/qdma03000-ST-0, -1.
open device: No such file or directory
Zero QsZero QsZero Qs
dma-ctl: Info: Default ring size set to 2048
Zero Qsdma-ctl: next_arg_read_int missing parameter after "0x1".

unable to open device /dev/qdma03000-ST-1, -1.
open device: No such file or directory
Zero QsZero QsZero Qs
dma-ctl: Info: Default ring size set to 2048
Zero Qsdma-ctl: next_arg_read_int missing parameter after "0x1".

unable to open device /dev/qdma03000-ST-2, -1.
open device: No such file or directory
Zero QsZero QsZero Qs
dma-ctl: Info: Default ring size set to 2048
Zero Qsdma-ctl: next_arg_read_int missing parameter after "0x1".

unable to open device /dev/qdma03000-ST-3, -1.
open device: No such file or directory
Zero QsZero QsAXI-ST H2C for Func 03000 End
***********************************************
***********************************************
AXI-ST C2H for Func 03000 Start
